{
  "RSpec": {
    "coverage": {
      "/home/nerea/P4_rottenpotatoes/app/controllers/application_controller.rb": [
        1,
        1,
        null
      ],
      "/home/nerea/P4_rottenpotatoes/app/helpers/application_helper.rb": [
        1,
        null
      ],
      "/home/nerea/P4_rottenpotatoes/app/helpers/movies_helper.rb": [
        1,
        null,
        1,
        0,
        null,
        null
      ],
      "/home/nerea/P4_rottenpotatoes/app/controllers/movies_controller.rb": [
        1,
        null,
        1,
        1,
        1,
        null,
        null,
        null,
        1,
        4,
        4,
        null,
        1,
        null,
        1,
        null,
        4,
        4,
        null,
        4,
        18,
        null,
        null,
        4,
        2,
        2,
        2,
        null,
        null,
        2,
        1,
        1,
        1,
        1,
        null,
        1,
        null,
        null,
        1,
        null,
        null,
        null,
        1,
        2,
        2,
        2,
        null,
        null,
        1,
        1,
        null,
        null,
        1,
        1,
        1,
        1,
        1,
        null,
        null,
        1,
        1,
        1,
        1,
        1,
        null,
        null,
        1,
        4,
        4,
        3,
        null,
        1,
        1,
        null,
        null,
        null,
        null,
        1,
        9,
        null,
        5,
        3,
        3,
        3,
        3,
        3,
        3,
        2,
        2,
        2,
        null,
        null,
        null,
        4,
        4,
        null,
        null,
        null
      ],
      "/home/nerea/P4_rottenpotatoes/app/models/movie.rb": [
        1,
        null,
        1,
        null,
        1,
        4,
        null,
        null,
        1,
        2,
        null,
        null,
        1,
        4,
        4,
        4,
        4,
        2,
        null,
        2,
        2,
        null,
        0,
        null,
        null,
        null,
        null,
        null
      ]
    },
    "timestamp": 1352820899
  }
}
